# JRE version: Java(TM) SE Runtime Environment (8.0_144-b01) (build 1.8.0_144-b01)
# Java VM: Java HotSpot(TM) 64-Bit Server VM (25.144-b01 mixed mode windows-amd64 compressed oops)
Heap:
 PSYoungGen      total 270848K, used 21947K [0x00000000d5f80000, 0x00000000e6a80000, 0x0000000100000000)
  eden space 269312K, 8% used [0x00000000d5f80000,0x00000000d748b768,0x00000000e6680000)
  from space 1536K, 25% used [0x00000000e6900000,0x00000000e69637d8,0x00000000e6a80000)
  to   space 2048K, 0% used [0x00000000e6680000,0x00000000e6680000,0x00000000e6880000)
 ParOldGen       total 63488K, used 49860K [0x0000000081e00000, 0x0000000085c00000, 0x00000000d5f80000)
  object space 63488K, 78% used [0x0000000081e00000,0x0000000084eb13a8,0x0000000085c00000)
 Metaspace       used 15064K, capacity 15612K, committed 15872K, reserved 1062912K
  class space    used 1661K, capacity 1775K, committed 1792K, reserved 1048576K
GC Heap History (10 events):
Event: 35.060 GC heap before
{Heap before GC invocations=350 (full 4):
 PSYoungGen      total 271360K, used 269713K [0x00000000d5f80000, 0x00000000e6a80000, 0x0000000100000000)
  eden space 269312K, 99% used [0x00000000d5f80000,0x00000000e6677ee0,0x00000000e6680000)
  from space 2048K, 21% used [0x00000000e6680000,0x00000000e66ec578,0x00000000e6880000)
  to   space 1536K, 0% used [0x00000000e6900000,0x00000000e6900000,0x00000000e6a80000)
 ParOldGen       total 63488K, used 48922K [0x0000000081e00000, 0x0000000085c00000, 0x00000000d5f80000)
  object space 63488K, 77% used [0x0000000081e00000,0x0000000084dc68e0,0x0000000085c00000)
 Metaspace       used 14921K, capacity 15380K, committed 15616K, reserved 1062912K
  class space    used 1646K, capacity 1743K, committed 1792K, reserved 1048576K
Event: 35.061 GC heap after
Heap after GC invocations=350 (full 4):
 PSYoungGen      total 270848K, used 551K [0x00000000d5f80000, 0x00000000e6a80000, 0x0000000100000000)
  eden space 269312K, 0% used [0x00000000d5f80000,0x00000000d5f80000,0x00000000e6680000)
  from space 1536K, 35% used [0x00000000e6900000,0x00000000e6989c80,0x00000000e6a80000)
  to   space 2048K, 0% used [0x00000000e6680000,0x00000000e6680000,0x00000000e6880000)
 ParOldGen       total 63488K, used 48922K [0x0000000081e00000, 0x0000000085c00000, 0x00000000d5f80000)
  object space 63488K, 77% used [0x0000000081e00000,0x0000000084dc68e0,0x0000000085c00000)
 Metaspace       used 14921K, capacity 15380K, committed 15616K, reserved 1062912K
  class space    used 1646K, capacity 1743K, committed 1792K, reserved 1048576K
}
Event: 35.108 GC heap before
{Heap before GC invocations=351 (full 4):
 PSYoungGen      total 270848K, used 269688K [0x00000000d5f80000, 0x00000000e6a80000, 0x0000000100000000)
  eden space 269312K, 99% used [0x00000000d5f80000,0x00000000e6654540,0x00000000e6680000)
  from space 1536K, 35% used [0x00000000e6900000,0x00000000e6989c80,0x00000000e6a80000)
  to   space 2048K, 0% used [0x00000000e6680000,0x00000000e6680000,0x00000000e6880000)
 ParOldGen       total 63488K, used 48922K [0x0000000081e00000, 0x0000000085c00000, 0x00000000d5f80000)
  object space 63488K, 77% used [0x0000000081e00000,0x0000000084dc68e0,0x0000000085c00000)
 Metaspace       used 14921K, capacity 15380K, committed 15616K, reserved 1062912K
  class space    used 1646K, capacity 1743K, committed 1792K, reserved 1048576K
Event: 35.109 GC heap after
Heap after GC invocations=351 (full 4):
 PSYoungGen      total 271360K, used 447K [0x00000000d5f80000, 0x00000000e6a80000, 0x0000000100000000)
  eden space 269312K, 0% used [0x00000000d5f80000,0x00000000d5f80000,0x00000000e6680000)
  from space 2048K, 21% used [0x00000000e6680000,0x00000000e66efed0,0x00000000e6880000)
  to   space 1536K, 0% used [0x00000000e6900000,0x00000000e6900000,0x00000000e6a80000)
 ParOldGen       total 63488K, used 48922K [0x0000000081e00000, 0x0000000085c00000, 0x00000000d5f80000)
  object space 63488K, 77% used [0x0000000081e00000,0x0000000084dc68e0,0x0000000085c00000)
 Metaspace       used 14921K, capacity 15380K, committed 15616K, reserved 1062912K
  class space    used 1646K, capacity 1743K, committed 1792K, reserved 1048576K
}
Event: 35.209 GC heap before
{Heap before GC invocations=352 (full 4):
 PSYoungGen      total 271360K, used 269759K [0x00000000d5f80000, 0x00000000e6a80000, 0x0000000100000000)
  eden space 269312K, 100% used [0x00000000d5f80000,0x00000000e6680000,0x00000000e6680000)
  from space 2048K, 21% used [0x00000000e6680000,0x00000000e66efed0,0x00000000e6880000)
  to   space 1536K, 0% used [0x00000000e6900000,0x00000000e6900000,0x00000000e6a80000)
 ParOldGen       total 63488K, used 48922K [0x0000000081e00000, 0x0000000085c00000, 0x00000000d5f80000)
  object space 63488K, 77% used [0x0000000081e00000,0x0000000084dc68e0,0x0000000085c00000)
 Metaspace       used 14939K, capacity 15452K, committed 15616K, reserved 1062912K
  class space    used 1646K, capacity 1743K, committed 1792K, reserved 1048576K
Event: 35.210 GC heap after
Heap after GC invocations=352 (full 4):
 PSYoungGen      total 270848K, used 1015K [0x00000000d5f80000, 0x00000000e6a80000, 0x0000000100000000)
  eden space 269312K, 0% used [0x00000000d5f80000,0x00000000d5f80000,0x00000000e6680000)
  from space 1536K, 66% used [0x00000000e6900000,0x00000000e69fdfd8,0x00000000e6a80000)
  to   space 2048K, 0% used [0x00000000e6680000,0x00000000e6680000,0x00000000e6880000)
 ParOldGen       total 63488K, used 48930K [0x0000000081e00000, 0x0000000085c00000, 0x00000000d5f80000)
  object space 63488K, 77% used [0x0000000081e00000,0x0000000084dc88e0,0x0000000085c00000)
 Metaspace       used 14939K, capacity 15452K, committed 15616K, reserved 1062912K
  class space    used 1646K, capacity 1743K, committed 1792K, reserved 1048576K
}
Event: 35.276 GC heap before
{Heap before GC invocations=353 (full 4):
 PSYoungGen      total 270848K, used 270327K [0x00000000d5f80000, 0x00000000e6a80000, 0x0000000100000000)
  eden space 269312K, 100% used [0x00000000d5f80000,0x00000000e6680000,0x00000000e6680000)
  from space 1536K, 66% used [0x00000000e6900000,0x00000000e69fdfd8,0x00000000e6a80000)
  to   space 2048K, 0% used [0x00000000e6680000,0x00000000e6680000,0x00000000e6880000)
 ParOldGen       total 63488K, used 48930K [0x0000000081e00000, 0x0000000085c00000, 0x00000000d5f80000)
  object space 63488K, 77% used [0x0000000081e00000,0x0000000084dc88e0,0x0000000085c00000)
 Metaspace       used 14939K, capacity 15452K, committed 15616K, reserved 1062912K
  class space    used 1646K, capacity 1743K, committed 1792K, reserved 1048576K
Event: 35.277 GC heap after
Heap after GC invocations=353 (full 4):
 PSYoungGen      total 271360K, used 637K [0x00000000d5f80000, 0x00000000e6a80000, 0x0000000100000000)
  eden space 269312K, 0% used [0x00000000d5f80000,0x00000000d5f80000,0x00000000e6680000)
  from space 2048K, 31% used [0x00000000e6680000,0x00000000e671f728,0x00000000e6880000)
  to   space 1536K, 0% used [0x00000000e6900000,0x00000000e6900000,0x00000000e6a80000)
 ParOldGen       total 63488K, used 49798K [0x0000000081e00000, 0x0000000085c00000, 0x00000000d5f80000)
  object space 63488K, 78% used [0x0000000081e00000,0x0000000084ea1ab0,0x0000000085c00000)
 Metaspace       used 14939K, capacity 15452K, committed 15616K, reserved 1062912K
  class space    used 1646K, capacity 1743K, committed 1792K, reserved 1048576K
}
Event: 35.336 GC heap before
{Heap before GC invocations=354 (full 4):
 PSYoungGen      total 271360K, used 269949K [0x00000000d5f80000, 0x00000000e6a80000, 0x0000000100000000)
  eden space 269312K, 100% used [0x00000000d5f80000,0x00000000e6680000,0x00000000e6680000)
  from space 2048K, 31% used [0x00000000e6680000,0x00000000e671f728,0x00000000e6880000)
  to   space 1536K, 0% used [0x00000000e6900000,0x00000000e6900000,0x00000000e6a80000)
 ParOldGen       total 63488K, used 49798K [0x0000000081e00000, 0x0000000085c00000, 0x00000000d5f80000)
  object space 63488K, 78% used [0x0000000081e00000,0x0000000084ea1ab0,0x0000000085c00000)
 Metaspace       used 14939K, capacity 15452K, committed 15616K, reserved 1062912K
  class space    used 1646K, capacity 1743K, committed 1792K, reserved 1048576K
Event: 35.337 GC heap after
Heap after GC invocations=354 (full 4):
 PSYoungGen      total 270848K, used 397K [0x00000000d5f80000, 0x00000000e6a80000, 0x0000000100000000)
  eden space 269312K, 0% used [0x00000000d5f80000,0x00000000d5f80000,0x00000000e6680000)
  from space 1536K, 25% used [0x00000000e6900000,0x00000000e69637d8,0x00000000e6a80000)
  to   space 2048K, 0% used [0x00000000e6680000,0x00000000e6680000,0x00000000e6880000)
 ParOldGen       total 63488K, used 49860K [0x0000000081e00000, 0x0000000085c00000, 0x00000000d5f80000)
  object space 63488K, 78% used [0x0000000081e00000,0x0000000084eb13a8,0x0000000085c00000)
 Metaspace       used 14939K, capacity 15452K, committed 15616K, reserved 1062912K
  class space    used 1646K, capacity 1743K, committed 1792K, reserved 1048576K
}

